<?xml version="1.0" encoding="UTF-8"?>
<!-- Generated by org.testng.reporters.JUnitReportReporter -->
<testsuite skipped="0" hostname="kamrans-MacBook.home" name="Home.TestAmazon" tests="1" failures="0" timestamp="11 Nov 2017 01:05:42 GMT" time="18.239" errors="0">
  <testcase name="testHome" time="18.239" classname="Home.TestAmazon"/>
</testsuite> <!-- Home.TestAmazon -->
