<?xml version="1.0" encoding="UTF-8"?>
<!-- Generated by org.testng.reporters.JUnitReportReporter -->
<testsuite skipped="0" hostname="kamrans-MacBook.home" name="Searching.TestSearch" tests="1" failures="0" timestamp="17 Nov 2017 23:19:42 GMT" time="24.249" errors="0">
  <testcase name="testingSearch" time="24.249" classname="Searching.TestSearch"/>
</testsuite> <!-- Searching.TestSearch -->
