<?xml version="1.0" encoding="UTF-8"?>
<!-- Generated by org.testng.reporters.JUnitReportReporter -->
<testsuite skipped="0" hostname="kamrans-MacBook.home" name="Home.TestAmazon" tests="1" failures="0" timestamp="17 Nov 2017 23:19:42 GMT" time="20.488" errors="0">
  <testcase name="testHome" time="20.488" classname="Home.TestAmazon"/>
</testsuite> <!-- Home.TestAmazon -->
