<?xml version="1.0" encoding="UTF-8"?>
<!-- Generated by org.testng.reporters.JUnitReportReporter -->
<testsuite skipped="0" hostname="kamrans-MacBook.home" name="table.ReadTableData" tests="1" failures="0" timestamp="17 Nov 2017 23:20:03 GMT" time="15.651" errors="0">
  <testcase name="testTable" time="15.651" classname="table.ReadTableData"/>
</testsuite> <!-- table.ReadTableData -->
